[03-Aug-2020 22:10:06 UTC] PHP Warning:  require(/home/voxly/public_html/domains/voxly/../vendor/autoload.php): failed to open stream: No such file or directory in /home/voxly/public_html/domains/voxly/index.php on line 24
[03-Aug-2020 22:10:06 UTC] PHP Fatal error:  require(): Failed opening required '/home/voxly/public_html/domains/voxly/../vendor/autoload.php' (include_path='.:/opt/cpanel/ea-php72/root/usr/share/pear') in /home/voxly/public_html/domains/voxly/index.php on line 24
[05-Aug-2020 02:41:37 Asia/Karachi] PHP Fatal error:  Namespace declaration statement has to be the very first statement or after any declare call in the script in /home/voxly/public_html/domains/voxly/app/Http/Controllers/Auth/LoginController.php on line 6
[05-Aug-2020 02:41:53 Asia/Karachi] PHP Fatal error:  Namespace declaration statement has to be the very first statement or after any declare call in the script in /home/voxly/public_html/domains/voxly/app/Http/Controllers/Auth/LoginController.php on line 6
[05-Aug-2020 02:43:01 Asia/Karachi] PHP Fatal error:  Namespace declaration statement has to be the very first statement or after any declare call in the script in /home/voxly/public_html/domains/voxly/app/Http/Controllers/Auth/LoginController.php on line 5
[15-Aug-2020 23:27:57 Asia/Karachi] PHP Fatal error:  Namespace declaration statement has to be the very first statement or after any declare call in the script in /home/voxly/public_html/domains/voxly/app/Http/Controllers/Auth/LoginController.php on line 6
[15-Aug-2020 23:29:19 Asia/Karachi] PHP Fatal error:  Namespace declaration statement has to be the very first statement or after any declare call in the script in /home/voxly/public_html/domains/voxly/app/Http/Controllers/Auth/LoginController.php on line 6
[15-Aug-2020 23:30:42 Asia/Karachi] PHP Fatal error:  Namespace declaration statement has to be the very first statement or after any declare call in the script in /home/voxly/public_html/domains/voxly/app/Http/Controllers/Auth/LoginController.php on line 6
[15-Aug-2020 23:33:05 Asia/Karachi] PHP Fatal error:  Namespace declaration statement has to be the very first statement or after any declare call in the script in /home/voxly/public_html/domains/voxly/app/Http/Controllers/Auth/LoginController.php on line 6
[21-Nov-2020 11:52:57 Europe/London] PHP Fatal error:  Cannot use App\Notification as Notification because the name is already in use in /home/voxly/public_html/domains/voxly/app/Http/Controllers/Api/ApiController.php on line 60
[21-Nov-2020 11:52:59 Europe/London] PHP Fatal error:  Cannot use App\Notification as Notification because the name is already in use in /home/voxly/public_html/domains/voxly/app/Http/Controllers/Api/ApiController.php on line 60
[21-Nov-2020 11:53:09 Europe/London] PHP Fatal error:  Cannot use App\Notification as Notification because the name is already in use in /home/voxly/public_html/domains/voxly/app/Http/Controllers/Api/ApiController.php on line 60
[21-Nov-2020 11:53:50 Europe/London] PHP Fatal error:  Cannot use App\Notification as Notification because the name is already in use in /home/voxly/public_html/domains/voxly/app/Http/Controllers/Api/ApiController.php on line 60
[23-Nov-2021 09:26:02 Europe/London] PHP Fatal error:  Namespace declaration statement has to be the very first statement or after any declare call in the script in /home/voxly/public_html/domains/voxly/app/Http/Controllers/Auth/Admin/AdminAuthController.php on line 5
[03-Feb-2022 16:31:40 Europe/London] PHP Fatal error:  Uncaught InvalidArgumentException: Please provide a valid cache path. in /home/voxly/public_html/domains/voxly/vendor/laravel/framework/src/Illuminate/View/Compilers/Compiler.php:36
Stack trace:
#0 /home/voxly/public_html/domains/voxly/vendor/laravel/framework/src/Illuminate/View/ViewServiceProvider.php(92): Illuminate\View\Compilers\Compiler->__construct(Object(Illuminate\Filesystem\Filesystem), false)
#1 /home/voxly/public_html/domains/voxly/vendor/laravel/framework/src/Illuminate/Container/Container.php(799): Illuminate\View\ViewServiceProvider->Illuminate\View\{closure}(Object(Illuminate\Foundation\Application), Array)
#2 /home/voxly/public_html/domains/voxly/vendor/laravel/framework/src/Illuminate/Container/Container.php(681): Illuminate\Container\Container->build(Object(Closure))
#3 /home/voxly/public_html/domains/voxly/vendor/laravel/framework/src/Illuminate/Foundation/Application.php(785): Illuminate\Container\Container->resolve('blade.compiler', Array, true)
#4 /home/voxly/public_html/domains/voxly/v in /home/voxly/public_html/domains/voxly/vendor/laravel/framework/src/Illuminate/View/Compilers/Compiler.php on line 36
[03-Feb-2022 16:31:50 Europe/London] PHP Fatal error:  Uncaught InvalidArgumentException: Please provide a valid cache path. in /home/voxly/public_html/domains/voxly/vendor/laravel/framework/src/Illuminate/View/Compilers/Compiler.php:36
Stack trace:
#0 /home/voxly/public_html/domains/voxly/vendor/laravel/framework/src/Illuminate/View/ViewServiceProvider.php(92): Illuminate\View\Compilers\Compiler->__construct(Object(Illuminate\Filesystem\Filesystem), false)
#1 /home/voxly/public_html/domains/voxly/vendor/laravel/framework/src/Illuminate/Container/Container.php(799): Illuminate\View\ViewServiceProvider->Illuminate\View\{closure}(Object(Illuminate\Foundation\Application), Array)
#2 /home/voxly/public_html/domains/voxly/vendor/laravel/framework/src/Illuminate/Container/Container.php(681): Illuminate\Container\Container->build(Object(Closure))
#3 /home/voxly/public_html/domains/voxly/vendor/laravel/framework/src/Illuminate/Foundation/Application.php(785): Illuminate\Container\Container->resolve('blade.compiler', Array, true)
#4 /home/voxly/public_html/domains/voxly/v in /home/voxly/public_html/domains/voxly/vendor/laravel/framework/src/Illuminate/View/Compilers/Compiler.php on line 36
[03-Feb-2022 16:31:57 Europe/London] PHP Fatal error:  Uncaught InvalidArgumentException: Please provide a valid cache path. in /home/voxly/public_html/domains/voxly/vendor/laravel/framework/src/Illuminate/View/Compilers/Compiler.php:36
Stack trace:
#0 /home/voxly/public_html/domains/voxly/vendor/laravel/framework/src/Illuminate/View/ViewServiceProvider.php(92): Illuminate\View\Compilers\Compiler->__construct(Object(Illuminate\Filesystem\Filesystem), false)
#1 /home/voxly/public_html/domains/voxly/vendor/laravel/framework/src/Illuminate/Container/Container.php(799): Illuminate\View\ViewServiceProvider->Illuminate\View\{closure}(Object(Illuminate\Foundation\Application), Array)
#2 /home/voxly/public_html/domains/voxly/vendor/laravel/framework/src/Illuminate/Container/Container.php(681): Illuminate\Container\Container->build(Object(Closure))
#3 /home/voxly/public_html/domains/voxly/vendor/laravel/framework/src/Illuminate/Foundation/Application.php(785): Illuminate\Container\Container->resolve('blade.compiler', Array, true)
#4 /home/voxly/public_html/domains/voxly/v in /home/voxly/public_html/domains/voxly/vendor/laravel/framework/src/Illuminate/View/Compilers/Compiler.php on line 36
